<?xml version="1.0" encoding="UTF-8"?>
<!-- Generated by org.testng.reporters.JUnitReportReporter -->
<testsuite hostname="DESKTOP-QS4L8J3" failures="0" tests="1" name="Mypack.NewTest" time="5.439" errors="0" timestamp="2023-06-26T17:14:15 CDT" skipped="0">
  <testcase classname="Mypack.NewTest" name="f" time="5.439"/>
</testsuite> <!-- Mypack.NewTest -->
